TN:
SF:02-ratelimitter.js
FN:19,rateLimittingMiddleware
FNF:1
FNH:1
FNDA:13,rateLimittingMiddleware
DA:1,1
DA:2,1
DA:3,1
DA:4,1
DA:5,1
DA:6,1
DA:7,1
DA:8,1
DA:9,1
DA:10,1
DA:11,1
DA:12,1
DA:13,1
DA:14,1
DA:15,1
DA:16,2
DA:17,1
DA:18,1
DA:19,1
DA:20,13
DA:21,13
DA:22,11
DA:23,6
DA:24,11
DA:25,5
DA:26,5
DA:27,13
DA:28,2
DA:29,2
DA:30,13
DA:31,13
DA:32,1
DA:33,1
DA:34,1
DA:35,1
DA:36,13
DA:37,1
DA:38,1
DA:39,1
DA:40,0
DA:41,1
DA:42,1
DA:43,1
LF:43
LH:42
BRDA:15,0,0,2
BRDA:19,1,0,13
BRDA:21,2,0,11
BRDA:22,3,0,6
BRDA:24,4,0,5
BRDA:27,5,0,2
BRDA:35,6,0,13
BRF:7
BRH:7
end_of_record
